
D:\git-alan\quiet-fake>packages\fake.4.8.0\tools\fake.exe build-scripts\build.fsx  
Building project: ./TestFake.sln
  C:\Program Files (x86)\MSBuild\14.0\Bin\MSBuild.exe  ./TestFake.sln /t:Build /m:4   /tv:12.0 /v:q  /flp1:logfile=./TestFake_build.log;Verbosity=m;Append; /p:RestorePackages="False" /p:Optimize="True" /p:DebugSymbols="True" /p:Configuration="Release" /logger:Fake.MsBuildLogger+ErrorLogger,"D:\git-alan\quiet-fake\packages\fake.4.8.0\tools\FakeLib.dll"
C:\Program Files (x86)\MSBuild\14.0\Bin\MSBuild.exe  ./TestFake.sln /t:Build /m:4   /tv:12.0 /v:q  /flp1:logfile=./TestFake_build.log;Verbosity=m;Append; /p:RestorePackages="False" /p:Optimize="True" /p:DebugSymbols="True" /p:Configuration="Release" /logger:Fake.MsBuildLogger+ErrorLogger,"D:\git-alan\quiet-fake\packages\fake.4.8.0\tools\FakeLib.dll"
Microsoft (R) Build Engine version 14.0.23107.0
Copyright (C) Microsoft Corporation. All rights reserved.

Building project with version: LocalBuild
Shortened DependencyGraph for Target QuietBuild:
<== QuietBuild
   <== Default
      <== Clean

The resulting target order is:
 - Clean
 - Default
 - QuietBuild
Starting Target: Clean 
Deleting contents of ./_build/
Finished Target: Clean
Starting Target: Default (==> Clean, Clean)
Hello World from FAKE
Finished Target: Default
Starting Target: QuietBuild (==> Default)
Building project: D:\git-alan\quiet-fake\TestFake.Console\TestFake.Console.csproj
  C:\Program Files (x86)\MSBuild\14.0\Bin\MSBuild.exe  D:\git-alan\quiet-fake\TestFake.Console\TestFake.Console.csproj /t:Build /m      /p:RestorePackages="False" /p:OutputPath="D:\git-alan\quiet-fake\_build" /p:Configuration="Release" /logger:Fake.MsBuildLogger+ErrorLogger,"D:\git-alan\quiet-fake\packages\fake.4.8.0\tools\FakeLib.dll"
C:\Program Files (x86)\MSBuild\14.0\Bin\MSBuild.exe  D:\git-alan\quiet-fake\TestFake.Console\TestFake.Console.csproj /t:Build /m      /p:RestorePackages="False" /p:OutputPath="D:\git-alan\quiet-fake\_build" /p:Configuration="Release" /logger:Fake.MsBuildLogger+ErrorLogger,"D:\git-alan\quiet-fake\packages\fake.4.8.0\tools\FakeLib.dll"
Microsoft (R) Build Engine version 14.0.23107.0
Copyright (C) Microsoft Corporation. All rights reserved.

Build started 20/11/2015 00:56:21.
The target "AfterGenerateAppxManifest" listed in an AfterTargets attribute at "C:\Program Files (x86)\MSBuild\Microsoft\.NetNative\Microsoft.Net.CoreRuntime.targets (68,11)" does not exist in the project, and will be ignored.
The target "_GeneratePrisForPortableLibraries" listed in a BeforeTargets attribute at "C:\Program Files (x86)\MSBuild\Microsoft\.NetNative\Microsoft.Net.CoreRuntime.targets (177,11)" does not exist in the project, and will be ignored.
The target "AfterGenerateAppxManifest" listed in an AfterTargets attribute at "C:\Program Files (x86)\MSBuild\Microsoft\.NetNative\Microsoft.NetNative.targets (126,11)" does not exist in the project, and will be ignored.
The target "AfterGenerateAppxManifest" listed in an AfterTargets attribute at "C:\Program Files (x86)\MSBuild\Microsoft\.NetNative\Microsoft.NetNative.targets (174,11)" does not exist in the project, and will be ignored.
The target "BeforeGenerateProjectPriFile" listed in a BeforeTargets attribute at "C:\Program Files (x86)\MSBuild\Microsoft\NuGet\Microsoft.NuGet.targets (149,61)" does not exist in the project, and will be ignored.
The target "AfterGenerateAppxManifest" listed in an AfterTargets attribute at "C:\Program Files (x86)\MSBuild\Microsoft\.NetNative\Microsoft.Net.CoreRuntime.targets (68,11)" does not exist in the project, and will be ignored.
The target "_GeneratePrisForPortableLibraries" listed in a BeforeTargets attribute at "C:\Program Files (x86)\MSBuild\Microsoft\.NetNative\Microsoft.Net.CoreRuntime.targets (177,11)" does not exist in the project, and will be ignored.
The target "AfterGenerateAppxManifest" listed in an AfterTargets attribute at "C:\Program Files (x86)\MSBuild\Microsoft\.NetNative\Microsoft.NetNative.targets (126,11)" does not exist in the project, and will be ignored.
The target "AfterGenerateAppxManifest" listed in an AfterTargets attribute at "C:\Program Files (x86)\MSBuild\Microsoft\.NetNative\Microsoft.NetNative.targets (174,11)" does not exist in the project, and will be ignored.
The target "BeforeGenerateProjectPriFile" listed in a BeforeTargets attribute at "C:\Program Files (x86)\MSBuild\Microsoft\NuGet\Microsoft.NuGet.targets (149,61)" does not exist in the project, and will be ignored.
     1>Project "D:\git-alan\quiet-fake\TestFake.Console\TestFake.Console.csproj" on node 1 (Build target(s)).
     1>Project "D:\git-alan\quiet-fake\TestFake.Console\TestFake.Console.csproj" (1) is building "D:\git-alan\quiet-fake\TestFake.Lib\TestFake.Lib.csproj" (2) on node 1 (default targets).
     2>GenerateTargetFrameworkMonikerAttribute:
       Skipping target "GenerateTargetFrameworkMonikerAttribute" because all output files are up-to-date with respect to the input files.
       CoreCompile:
       Skipping target "CoreCompile" because all output files are up-to-date with respect to the input files.
       CopyFilesToOutputDirectory:
         Copying file from "obj\Release\TestFake.Lib.dll" to "D:\git-alan\quiet-fake\_build\TestFake.Lib.dll".
         TestFake.Lib -> D:\git-alan\quiet-fake\_build\TestFake.Lib.dll
         Copying file from "obj\Release\TestFake.Lib.pdb" to "D:\git-alan\quiet-fake\_build\TestFake.Lib.pdb".
     2>Done Building Project "D:\git-alan\quiet-fake\TestFake.Lib\TestFake.Lib.csproj" (default targets).
     1>GenerateBindingRedirects:
         No suggested binding redirects from ResolveAssemblyReferences.
       GenerateTargetFrameworkMonikerAttribute:
       Skipping target "GenerateTargetFrameworkMonikerAttribute" because all output files are up-to-date with respect to the input files.
       CoreCompile:
       Skipping target "CoreCompile" because all output files are up-to-date with respect to the input files.
       _CopyAppConfigFile:
         Copying file from "App.config" to "D:\git-alan\quiet-fake\_build\TestFake.Console.exe.config".
       CopyFilesToOutputDirectory:
         Copying file from "obj\Release\TestFake.Console.exe" to "D:\git-alan\quiet-fake\_build\TestFake.Console.exe".
         TestFake.Console -> D:\git-alan\quiet-fake\_build\TestFake.Console.exe
         Copying file from "obj\Release\TestFake.Console.pdb" to "D:\git-alan\quiet-fake\_build\TestFake.Console.pdb".
     1>Done Building Project "D:\git-alan\quiet-fake\TestFake.Console\TestFake.Console.csproj" (Build target(s)).

Build succeeded.
    0 Warning(s)
    0 Error(s)

Time Elapsed 00:00:00.22
Building project: D:\git-alan\quiet-fake\TestFake.Lib.Test\TestFake.Lib.Tests.csproj
  C:\Program Files (x86)\MSBuild\14.0\Bin\MSBuild.exe  D:\git-alan\quiet-fake\TestFake.Lib.Test\TestFake.Lib.Tests.csproj /t:Build /m      /p:RestorePackages="False" /p:OutputPath="D:\git-alan\quiet-fake\_build" /p:Configuration="Release" /logger:Fake.MsBuildLogger+ErrorLogger,"D:\git-alan\quiet-fake\packages\fake.4.8.0\tools\FakeLib.dll"
C:\Program Files (x86)\MSBuild\14.0\Bin\MSBuild.exe  D:\git-alan\quiet-fake\TestFake.Lib.Test\TestFake.Lib.Tests.csproj /t:Build /m      /p:RestorePackages="False" /p:OutputPath="D:\git-alan\quiet-fake\_build" /p:Configuration="Release" /logger:Fake.MsBuildLogger+ErrorLogger,"D:\git-alan\quiet-fake\packages\fake.4.8.0\tools\FakeLib.dll"
Microsoft (R) Build Engine version 14.0.23107.0
Copyright (C) Microsoft Corporation. All rights reserved.

Build started 20/11/2015 00:56:21.
The target "AfterGenerateAppxManifest" listed in an AfterTargets attribute at "C:\Program Files (x86)\MSBuild\Microsoft\.NetNative\Microsoft.Net.CoreRuntime.targets (68,11)" does not exist in the project, and will be ignored.
The target "_GeneratePrisForPortableLibraries" listed in a BeforeTargets attribute at "C:\Program Files (x86)\MSBuild\Microsoft\.NetNative\Microsoft.Net.CoreRuntime.targets (177,11)" does not exist in the project, and will be ignored.
The target "AfterGenerateAppxManifest" listed in an AfterTargets attribute at "C:\Program Files (x86)\MSBuild\Microsoft\.NetNative\Microsoft.NetNative.targets (126,11)" does not exist in the project, and will be ignored.
The target "AfterGenerateAppxManifest" listed in an AfterTargets attribute at "C:\Program Files (x86)\MSBuild\Microsoft\.NetNative\Microsoft.NetNative.targets (174,11)" does not exist in the project, and will be ignored.
The target "BeforeGenerateProjectPriFile" listed in a BeforeTargets attribute at "C:\Program Files (x86)\MSBuild\Microsoft\NuGet\Microsoft.NuGet.targets (149,61)" does not exist in the project, and will be ignored.
The target "AfterGenerateAppxManifest" listed in an AfterTargets attribute at "C:\Program Files (x86)\MSBuild\Microsoft\.NetNative\Microsoft.Net.CoreRuntime.targets (68,11)" does not exist in the project, and will be ignored.
The target "_GeneratePrisForPortableLibraries" listed in a BeforeTargets attribute at "C:\Program Files (x86)\MSBuild\Microsoft\.NetNative\Microsoft.Net.CoreRuntime.targets (177,11)" does not exist in the project, and will be ignored.
The target "AfterGenerateAppxManifest" listed in an AfterTargets attribute at "C:\Program Files (x86)\MSBuild\Microsoft\.NetNative\Microsoft.NetNative.targets (126,11)" does not exist in the project, and will be ignored.
The target "AfterGenerateAppxManifest" listed in an AfterTargets attribute at "C:\Program Files (x86)\MSBuild\Microsoft\.NetNative\Microsoft.NetNative.targets (174,11)" does not exist in the project, and will be ignored.
The target "BeforeGenerateProjectPriFile" listed in a BeforeTargets attribute at "C:\Program Files (x86)\MSBuild\Microsoft\NuGet\Microsoft.NuGet.targets (149,61)" does not exist in the project, and will be ignored.
     1>Project "D:\git-alan\quiet-fake\TestFake.Lib.Test\TestFake.Lib.Tests.csproj" on node 1 (Build target(s)).
     1>Project "D:\git-alan\quiet-fake\TestFake.Lib.Test\TestFake.Lib.Tests.csproj" (1) is building "D:\git-alan\quiet-fake\TestFake.Lib\TestFake.Lib.csproj" (2) on node 1 (default targets).
     2>GenerateTargetFrameworkMonikerAttribute:
       Skipping target "GenerateTargetFrameworkMonikerAttribute" because all output files are up-to-date with respect to the input files.
       CoreCompile:
       Skipping target "CoreCompile" because all output files are up-to-date with respect to the input files.
       CopyFilesToOutputDirectory:
         TestFake.Lib -> D:\git-alan\quiet-fake\_build\TestFake.Lib.dll
     2>Done Building Project "D:\git-alan\quiet-fake\TestFake.Lib\TestFake.Lib.csproj" (default targets).
     1>ResolveAssemblyReferences:
         Could not read state file "obj\Release\TestFake.Lib.Tests.csprojResolveAssemblyReference.cache". The format of this state file is not valid.
       GenerateTargetFrameworkMonikerAttribute:
       Skipping target "GenerateTargetFrameworkMonikerAttribute" because all output files are up-to-date with respect to the input files.
       CoreCompile:
       Skipping target "CoreCompile" because all output files are up-to-date with respect to the input files.
       _CopyFilesMarkedCopyLocal:
         Copying file from "D:\git-alan\quiet-fake\packages\NUnit.2.6.4\lib\nunit.framework.dll" to "D:\git-alan\quiet-fake\_build\nunit.framework.dll".
         Copying file from "D:\git-alan\quiet-fake\packages\NUnit.2.6.4\lib\nunit.framework.xml" to "D:\git-alan\quiet-fake\_build\nunit.framework.xml".
       CopyFilesToOutputDirectory:
         Copying file from "obj\Release\TestFake.Lib.Test.dll" to "D:\git-alan\quiet-fake\_build\TestFake.Lib.Test.dll".
         TestFake.Lib.Tests -> D:\git-alan\quiet-fake\_build\TestFake.Lib.Test.dll
         Copying file from "obj\Release\TestFake.Lib.Test.pdb" to "D:\git-alan\quiet-fake\_build\TestFake.Lib.Test.pdb".
     1>Done Building Project "D:\git-alan\quiet-fake\TestFake.Lib.Test\TestFake.Lib.Tests.csproj" (Build target(s)).

Build succeeded.
    0 Warning(s)
    0 Error(s)

Time Elapsed 00:00:00.27
AppBuild-Quiet-Output: D:\git-alan\quiet-fake\_build\nunit.framework.dll
AppBuild-Quiet-Output: D:\git-alan\quiet-fake\_build\nunit.framework.xml
AppBuild-Quiet-Output: D:\git-alan\quiet-fake\_build\TestFake.Console.exe
AppBuild-Quiet-Output: D:\git-alan\quiet-fake\_build\TestFake.Console.exe.config
AppBuild-Quiet-Output: D:\git-alan\quiet-fake\_build\TestFake.Console.pdb
AppBuild-Quiet-Output: D:\git-alan\quiet-fake\_build\TestFake.Lib.dll
AppBuild-Quiet-Output: D:\git-alan\quiet-fake\_build\TestFake.Lib.pdb
AppBuild-Quiet-Output: D:\git-alan\quiet-fake\_build\TestFake.Lib.Test.dll
AppBuild-Quiet-Output: D:\git-alan\quiet-fake\_build\TestFake.Lib.Test.pdb
Finished Target: QuietBuild

---------------------------------------------------------------------
Build Time Report
---------------------------------------------------------------------
Target       Duration
------       --------
Clean        00:00:00.0041204
Default      00:00:00.0003637
QuietBuild   00:00:00.8495935
Total:       00:00:00.8786399
Status:      Ok
---------------------------------------------------------------------
